<?xml version="1.0" encoding="UTF-8"?>
<testng-results ignored="0" total="1" passed="0" failed="1" skipped="0">
  <reporter-output>
  </reporter-output>
  <suite started-at="2021-01-21T10:50:52 AEDT" name="Default suite" finished-at="2021-01-21T10:51:09 AEDT" duration-ms="17658">
    <groups>
    </groups>
    <test started-at="2021-01-21T10:50:52 AEDT" name="Default test" finished-at="2021-01-21T10:51:09 AEDT" duration-ms="17658">
      <class name="tests.BaseClass">
        <test-method is-config="true" signature="setup()[pri:0, instance:tests.BaseClass@10e92f8f]" started-at="2021-01-21T10:50:52 AEDT" name="setup" finished-at="2021-01-21T10:51:06 AEDT" duration-ms="14603" status="PASS">
          <reporter-output>
          </reporter-output>
        </test-method> <!-- setup -->
        <test-method signature="searchProductAndCheckoutInAmazon()[pri:0, instance:tests.BaseClass@10e92f8f]" started-at="2021-01-21T10:51:06 AEDT" name="searchProductAndCheckoutInAmazon" finished-at="2021-01-21T10:51:09 AEDT" duration-ms="2586" status="FAIL">
          <exception class="org.openqa.selenium.StaleElementReferenceException">
            <message>
              <![CDATA[androidx.test.uiautomator.StaleObjectException
For documentation on this error, please visit: https://www.seleniumhq.org/exceptions/stale_element_reference.html
Build info: version: '3.141.59', revision: 'e82be7d358', time: '2018-11-14T08:17:03'
System info: host: 'MIGHTYHAWK-DELL', ip: '192.168.1.106', os.name: 'Windows 10', os.arch: 'amd64', os.version: '10.0', java.version: '12.0.1'
Driver info: io.appium.java_client.AppiumDriver
Capabilities {app: C:\Users\madha\Downloads\Am..., appActivity: com.amazon.mShop.home.HomeA..., appPackage: com.amazon.mShop.android.sh..., databaseEnabled: false, desired: {app: C:\Users\madha\Downloads\Am..., appActivity: com.amazon.mShop.home.HomeA..., appPackage: com.amazon.mShop.android.sh..., deviceName: Pixel 2 XL, newCommandTimeout: 60, platformName: android, platformVersion: 11, udid: 905KPVH2070223}, deviceApiLevel: 30, deviceManufacturer: Google, deviceModel: Pixel 2 XL, deviceName: 905KPVH2070223, deviceScreenDensity: 560, deviceScreenSize: 1440x2880, deviceUDID: 905KPVH2070223, javascriptEnabled: true, locationContextEnabled: false, networkConnectionEnabled: true, newCommandTimeout: 60, pixelRatio: 3.5, platform: LINUX, platformName: Android, platformVersion: 11, statBarHeight: 98, takesScreenshot: true, udid: 905KPVH2070223, viewportRect: {height: 2726, left: 0, top: 98, width: 1440}, warnings: {}, webStorageEnabled: false}
Session ID: b3b23768-7718-4029-9780-29d54f81f875]]>
            </message>
            <full-stacktrace>
              <![CDATA[org.openqa.selenium.StaleElementReferenceException: androidx.test.uiautomator.StaleObjectException
For documentation on this error, please visit: https://www.seleniumhq.org/exceptions/stale_element_reference.html
Build info: version: '3.141.59', revision: 'e82be7d358', time: '2018-11-14T08:17:03'
System info: host: 'MIGHTYHAWK-DELL', ip: '192.168.1.106', os.name: 'Windows 10', os.arch: 'amd64', os.version: '10.0', java.version: '12.0.1'
Driver info: io.appium.java_client.AppiumDriver
Capabilities {app: C:\Users\madha\Downloads\Am..., appActivity: com.amazon.mShop.home.HomeA..., appPackage: com.amazon.mShop.android.sh..., databaseEnabled: false, desired: {app: C:\Users\madha\Downloads\Am..., appActivity: com.amazon.mShop.home.HomeA..., appPackage: com.amazon.mShop.android.sh..., deviceName: Pixel 2 XL, newCommandTimeout: 60, platformName: android, platformVersion: 11, udid: 905KPVH2070223}, deviceApiLevel: 30, deviceManufacturer: Google, deviceModel: Pixel 2 XL, deviceName: 905KPVH2070223, deviceScreenDensity: 560, deviceScreenSize: 1440x2880, deviceUDID: 905KPVH2070223, javascriptEnabled: true, locationContextEnabled: false, networkConnectionEnabled: true, newCommandTimeout: 60, pixelRatio: 3.5, platform: LINUX, platformName: Android, platformVersion: 11, statBarHeight: 98, takesScreenshot: true, udid: 905KPVH2070223, viewportRect: {height: 2726, left: 0, top: 98, width: 1440}, warnings: {}, webStorageEnabled: false}
Session ID: b3b23768-7718-4029-9780-29d54f81f875
at java.base/jdk.internal.reflect.NativeConstructorAccessorImpl.newInstance0(Native Method)
at java.base/jdk.internal.reflect.NativeConstructorAccessorImpl.newInstance(NativeConstructorAccessorImpl.java:62)
at java.base/jdk.internal.reflect.DelegatingConstructorAccessorImpl.newInstance(DelegatingConstructorAccessorImpl.java:45)
at java.base/java.lang.reflect.Constructor.newInstanceWithCaller(Constructor.java:500)
at java.base/java.lang.reflect.Constructor.newInstance(Constructor.java:481)
at org.openqa.selenium.remote.http.W3CHttpResponseCodec.createException(W3CHttpResponseCodec.java:187)
at org.openqa.selenium.remote.http.W3CHttpResponseCodec.decode(W3CHttpResponseCodec.java:122)
at org.openqa.selenium.remote.http.W3CHttpResponseCodec.decode(W3CHttpResponseCodec.java:49)
at org.openqa.selenium.remote.HttpCommandExecutor.execute(HttpCommandExecutor.java:158)
at io.appium.java_client.remote.AppiumCommandExecutor.execute(AppiumCommandExecutor.java:247)
at org.openqa.selenium.remote.RemoteWebDriver.execute(RemoteWebDriver.java:552)
at io.appium.java_client.DefaultGenericMobileDriver.execute(DefaultGenericMobileDriver.java:41)
at io.appium.java_client.AppiumDriver.execute(AppiumDriver.java:1)
at org.openqa.selenium.remote.RemoteWebElement.execute(RemoteWebElement.java:285)
at io.appium.java_client.DefaultGenericMobileElement.execute(DefaultGenericMobileElement.java:45)
at io.appium.java_client.MobileElement.execute(MobileElement.java:1)
at io.appium.java_client.android.AndroidElement.execute(AndroidElement.java:1)
at org.openqa.selenium.remote.RemoteWebElement.clear(RemoteWebElement.java:124)
at screens.HomeScreen.enterSearchText(HomeScreen.java:23)
at tests.BaseClass.searchProductAndCheckoutInAmazon(BaseClass.java:44)
at java.base/jdk.internal.reflect.NativeMethodAccessorImpl.invoke0(Native Method)
at java.base/jdk.internal.reflect.NativeMethodAccessorImpl.invoke(NativeMethodAccessorImpl.java:62)
at java.base/jdk.internal.reflect.DelegatingMethodAccessorImpl.invoke(DelegatingMethodAccessorImpl.java:43)
at java.base/java.lang.reflect.Method.invoke(Method.java:567)
at org.testng.internal.MethodInvocationHelper.invokeMethod(MethodInvocationHelper.java:132)
at org.testng.internal.TestInvoker.invokeMethod(TestInvoker.java:599)
at org.testng.internal.TestInvoker.invokeTestMethod(TestInvoker.java:174)
at org.testng.internal.MethodRunner.runInSequence(MethodRunner.java:46)
at org.testng.internal.TestInvoker$MethodInvocationAgent.invoke(TestInvoker.java:822)
at org.testng.internal.TestInvoker.invokeTestMethods(TestInvoker.java:147)
at org.testng.internal.TestMethodWorker.invokeTestMethods(TestMethodWorker.java:146)
at org.testng.internal.TestMethodWorker.run(TestMethodWorker.java:128)
at java.base/java.util.ArrayList.forEach(ArrayList.java:1540)
at org.testng.TestRunner.privateRun(TestRunner.java:764)
at org.testng.TestRunner.run(TestRunner.java:585)
at org.testng.SuiteRunner.runTest(SuiteRunner.java:384)
at org.testng.SuiteRunner.runSequentially(SuiteRunner.java:378)
at org.testng.SuiteRunner.privateRun(SuiteRunner.java:337)
at org.testng.SuiteRunner.run(SuiteRunner.java:286)
at org.testng.SuiteRunnerWorker.runSuite(SuiteRunnerWorker.java:53)
at org.testng.SuiteRunnerWorker.run(SuiteRunnerWorker.java:96)
at org.testng.TestNG.runSuitesSequentially(TestNG.java:1218)
at org.testng.TestNG.runSuitesLocally(TestNG.java:1140)
at org.testng.TestNG.runSuites(TestNG.java:1069)
at org.testng.TestNG.run(TestNG.java:1037)
at org.testng.remote.AbstractRemoteTestNG.run(AbstractRemoteTestNG.java:115)
at org.testng.remote.RemoteTestNG.initAndRun(RemoteTestNG.java:251)
at org.testng.remote.RemoteTestNG.main(RemoteTestNG.java:77)
]]>
            </full-stacktrace>
          </exception> <!-- org.openqa.selenium.StaleElementReferenceException -->
          <reporter-output>
          </reporter-output>
        </test-method> <!-- searchProductAndCheckoutInAmazon -->
        <test-method is-config="true" signature="teardown()[pri:0, instance:tests.BaseClass@10e92f8f]" started-at="2021-01-21T10:51:09 AEDT" name="teardown" finished-at="2021-01-21T10:51:09 AEDT" duration-ms="397" status="PASS">
          <reporter-output>
          </reporter-output>
        </test-method> <!-- teardown -->
      </class> <!-- tests.BaseClass -->
    </test> <!-- Default test -->
  </suite> <!-- Default suite -->
</testng-results>
